0 info it worked if it ends with ok
1 verbose cli [ '/usr/local/bin/node',
1 verbose cli   '/usr/local/bin/npm',
1 verbose cli   'install',
1 verbose cli   'morrisjs' ]
2 info using npm@2.14.20
3 info using node@v4.4.1
4 verbose install initial load of /Users/connoryates/peptide_retention/public/static/js/package.json
5 verbose installManyTop reading scoped package data from /Users/connoryates/peptide_retention/public/static/js/node_modules/themify-icons/package.json
6 verbose readDependencies loading dependencies from /Users/connoryates/peptide_retention/public/static/js/package.json
7 silly cache add args [ 'morrisjs', null ]
8 verbose cache add spec morrisjs
9 silly cache add parsed spec Result {
9 silly cache add   raw: 'morrisjs',
9 silly cache add   scope: null,
9 silly cache add   name: 'morrisjs',
9 silly cache add   rawSpec: '',
9 silly cache add   spec: 'latest',
9 silly cache add   type: 'tag' }
10 silly addNamed morrisjs@latest
11 verbose addNamed "latest" is being treated as a dist-tag for morrisjs
12 info addNameTag [ 'morrisjs', 'latest' ]
13 silly mapToRegistry name morrisjs
14 silly mapToRegistry using default registry
15 silly mapToRegistry registry https://registry.npmjs.org/
16 silly mapToRegistry uri https://registry.npmjs.org/morrisjs
17 verbose addNameTag registry:https://registry.npmjs.org/morrisjs not in flight; fetching
18 verbose request uri https://registry.npmjs.org/morrisjs
19 verbose request no auth needed
20 info attempt registry request try #1 at 2:25:49 PM
21 verbose request id 81895cca1cc0187e
22 http request GET https://registry.npmjs.org/morrisjs
23 http 404 https://registry.npmjs.org/morrisjs
24 verbose headers { 'content-type': 'application/json',
24 verbose headers   'cache-control': 'max-age=0',
24 verbose headers   'content-length': '2',
24 verbose headers   'accept-ranges': 'bytes',
24 verbose headers   date: 'Sun, 06 Aug 2017 21:25:50 GMT',
24 verbose headers   via: '1.1 varnish',
24 verbose headers   age: '0',
24 verbose headers   connection: 'keep-alive',
24 verbose headers   'x-served-by': 'cache-bur17537-BUR',
24 verbose headers   'x-cache': 'MISS',
24 verbose headers   'x-cache-hits': '0',
24 verbose headers   'x-timer': 'S1502054750.134481,VS0,VE182',
24 verbose headers   vary: 'Accept-Encoding' }
25 silly get cb [ 404,
25 silly get   { 'content-type': 'application/json',
25 silly get     'cache-control': 'max-age=0',
25 silly get     'content-length': '2',
25 silly get     'accept-ranges': 'bytes',
25 silly get     date: 'Sun, 06 Aug 2017 21:25:50 GMT',
25 silly get     via: '1.1 varnish',
25 silly get     age: '0',
25 silly get     connection: 'keep-alive',
25 silly get     'x-served-by': 'cache-bur17537-BUR',
25 silly get     'x-cache': 'MISS',
25 silly get     'x-cache-hits': '0',
25 silly get     'x-timer': 'S1502054750.134481,VS0,VE182',
25 silly get     vary: 'Accept-Encoding' } ]
26 verbose stack Error: Registry returned 404 for GET on https://registry.npmjs.org/morrisjs
26 verbose stack     at makeError (/usr/local/lib/node_modules/npm/node_modules/npm-registry-client/lib/request.js:264:12)
26 verbose stack     at CachingRegistryClient.<anonymous> (/usr/local/lib/node_modules/npm/node_modules/npm-registry-client/lib/request.js:242:14)
26 verbose stack     at Request._callback (/usr/local/lib/node_modules/npm/node_modules/npm-registry-client/lib/request.js:172:14)
26 verbose stack     at Request.self.callback (/usr/local/lib/node_modules/npm/node_modules/request/request.js:199:22)
26 verbose stack     at emitTwo (events.js:87:13)
26 verbose stack     at Request.emit (events.js:172:7)
26 verbose stack     at Request.<anonymous> (/usr/local/lib/node_modules/npm/node_modules/request/request.js:1036:10)
26 verbose stack     at emitOne (events.js:82:20)
26 verbose stack     at Request.emit (events.js:169:7)
26 verbose stack     at IncomingMessage.<anonymous> (/usr/local/lib/node_modules/npm/node_modules/request/request.js:963:12)
27 verbose statusCode 404
28 verbose pkgid morrisjs
29 verbose cwd /Users/connoryates/peptide_retention/public/static/js
30 error Darwin 15.6.0
31 error argv "/usr/local/bin/node" "/usr/local/bin/npm" "install" "morrisjs"
32 error node v4.4.1
33 error npm  v2.14.20
34 error code E404
35 error 404 Registry returned 404 for GET on https://registry.npmjs.org/morrisjs
35 error 404
35 error 404 'morrisjs' is not in the npm registry.
35 error 404 You should bug the author to publish it (or use the name yourself!)
35 error 404
35 error 404 Note that you can also install from a
35 error 404 tarball, folder, http url, or git url.
36 verbose exit [ 1, true ]
